Jul 14 10:23 : player: played "The-Weeknd-Blinding-Lights-320.mp3"
Jul 14 10:24 : player: played "The-Weeknd-Blinding-Lights-320.mp3"
Jul 14 11:30 : player: played "ed-sheeran-bad-habits.mp3"
Jul 14 11:35 : player: played "ed-sheeran-bad-habits.mp3"
Jul 14 11:47 : player: played "ed-sheeran-bad-habits.mp3"
Jul 14 11:53 : player: played "ed-sheeran-bad-habits.mp3"
Jul 14 12:15 : player: played "ed-sheeran-bad-habits.mp3"
Jul 14 12:50 : player: played "ed-sheeran-bad-habits.mp3"
Jul 14 13:59 : player: played "ed-sheeran-bad-habits.mp3"
Jul 14 14:17 : player: played "ed-sheeran-bad-habits.mp3"
Jul 14 14:49 : player: played "ed-sheeran-bad-habits.mp3"
Jul 14 15:03 : player: played "ed-sheeran-bad-habits.mp3"
Jul 14 15:08 : player: played "ed-sheeran-bad-habits.mp3"
Jul 14 15:14 : player: played "ed-sheeran-bad-habits.mp3"
Jul 14 15:19 : player: played "ed-sheeran-bad-habits.mp3"
Jul 14 15:25 : player: played "The-Weeknd-Blinding-Lights-320.mp3"
Jul 14 15:29 : player: played "ed-sheeran-bad-habits.mp3"
Nov 09 10:36 : player: played "Alec-Benjamin-Let-Me-Down-Slowly.mp3"
Nov 09 10:46 : player: played "06-Nowhere-www.eargasm.ir.mp3"
Nov 09 10:49 : player: played "Rag n Bone-Man-Human-320.mp3"
Nov 09 11:34 : player: played "Blackfield-CD-1-TRACK-2.mp3"
Nov 09 11:41 : player: played "Mono-Exit-in-Darkness.mp3"
Nov 09 11:45 : player: played "Dire_Straits_Sultans_Of_Swing.hd.mp3"
